2013-Sep-24 15:57:13 +0000 clj1-ny.tallduck.com INFO [mikegeorge-org.handler] - mikegeorge-org started successfully
2013-Sep-24 19:07:18 +0000 clj1-ny.tallduck.com INFO [mikegeorge-org.handler] - mikegeorge-org is shutting down...
2013-Sep-24 19:07:38 +0000 clj1-ny.tallduck.com INFO [mikegeorge-org.handler] - mikegeorge-org started successfully
2013-Sep-24 19:20:08 +0000 clj1-ny.tallduck.com INFO [mikegeorge-org.handler] - mikegeorge-org is shutting down...
2013-Sep-24 19:20:24 +0000 clj1-ny.tallduck.com INFO [mikegeorge-org.handler] - mikegeorge-org started successfully
2013-Sep-25 12:26:20 +0000 clj1-ny.tallduck.com INFO [mikegeorge-org.handler] - mikegeorge-org is shutting down...
2013-Sep-25 12:26:38 +0000 clj1-ny.tallduck.com INFO [mikegeorge-org.handler] - mikegeorge-org started successfully
2013-Sep-25 16:36:02 +0000 clj1-ny.tallduck.com INFO [mikegeorge-org.handler] - mikegeorge-org is shutting down...
2013-Sep-25 16:36:19 +0000 clj1-ny.tallduck.com INFO [mikegeorge-org.handler] - mikegeorge-org started successfully
2013-Oct-03 03:40:03 +0000 clj1-ny.tallduck.com INFO [mikegeorge-org.handler] - mikegeorge-org is shutting down...
2013-Oct-03 03:40:47 +0000 clj1-ny.tallduck.com INFO [mikegeorge-org.handler] - mikegeorge-org started successfully
2013-Oct-03 03:43:49 +0000 clj1-ny.tallduck.com INFO [mikegeorge-org.handler] - mikegeorge-org is shutting down...
2013-Oct-03 03:44:06 +0000 clj1-ny.tallduck.com INFO [mikegeorge-org.handler] - mikegeorge-org started successfully
2013-Oct-16 15:35:43 +0000 clj1-ny.tallduck.com INFO [mikegeorge-org.handler] - mikegeorge-org is shutting down...
2013-Oct-16 15:36:09 +0000 clj1-ny.tallduck.com INFO [mikegeorge-org.handler] - mikegeorge-org started successfully
2013-Oct-16 15:39:52 +0000 clj1-ny.tallduck.com INFO [mikegeorge-org.handler] - mikegeorge-org is shutting down...
2013-Oct-16 15:40:10 +0000 clj1-ny.tallduck.com INFO [mikegeorge-org.handler] - mikegeorge-org started successfully
2013-Oct-16 15:41:33 +0000 clj1-ny.tallduck.com INFO [mikegeorge-org.handler] - mikegeorge-org is shutting down...
2013-Oct-16 15:41:50 +0000 clj1-ny.tallduck.com INFO [mikegeorge-org.handler] - mikegeorge-org started successfully
2013-Oct-17 19:12:11 +0000 clj1-ny.tallduck.com INFO [mikegeorge-org.handler] - mikegeorge-org is shutting down...
2013-Oct-17 19:12:30 +0000 clj1-ny.tallduck.com INFO [mikegeorge-org.handler] - mikegeorge-org started successfully
2014-Jan-20 02:50:11 +0000 clj1-ny.tallduck.com INFO [mikegeorge-org.handler] - mikegeorge-org started successfully
2014-Jan-24 20:37:34 +0000 clj1-ny.tallduck.com INFO [mikegeorge-org.handler] - mikegeorge-org is shutting down...
2014-Jan-24 20:38:03 +0000 clj1-ny.tallduck.com INFO [mikegeorge-org.handler] - mikegeorge-org started successfully
2014-Jan-24 20:44:00 +0000 clj1-ny.tallduck.com INFO [mikegeorge-org.handler] - mikegeorge-org is shutting down...
2014-Jan-24 20:47:00 +0000 clj1-ny.tallduck.com INFO [mikegeorge-org.handler] - mikegeorge-org started successfully
2014-Feb-25 23:14:13 +0000 clj1-ny.tallduck.com INFO [mikegeorge-org.handler] - mikegeorge-org started successfully
2014-Feb-25 23:15:20 +0000 clj1-ny.tallduck.com INFO [mikegeorge-org.handler] - mikegeorge-org is shutting down...
2014-Feb-25 23:16:54 +0000 clj1-ny.tallduck.com INFO [mikegeorge-org.handler] - mikegeorge-org started successfully
2014-Feb-25 23:17:54 +0000 clj1-ny.tallduck.com INFO [mikegeorge-org.handler] - mikegeorge-org is shutting down...
2014-Feb-25 23:24:28 +0000 clj1-ny.tallduck.com INFO [mikegeorge-org.handler] - mikegeorge-org started successfully
2014-Feb-25 23:53:26 +0000 clj1-ny.tallduck.com INFO [mikegeorge-org.handler] - mikegeorge-org is shutting down...
2014-Feb-25 23:56:52 +0000 clj1-ny.tallduck.com INFO [mikegeorge-org.handler] - mikegeorge-org started successfully
